Reading netlist file: "C:\Users\NoPass\git\ICM-42688-P\impl\gwsynthesis\project.vg"
Parsing netlist file "C:\Users\NoPass\git\ICM-42688-P\impl\gwsynthesis\project.vg" completed
Processing netlist completed
Reading constraint file: "C:\Users\NoPass\git\ICM-42688-P\top_brute.cst"
Physical Constraint parsed completed
Running placement......
[10%] Placement Phase 0 completed
[20%] Placement Phase 1 completed
[30%] Placement Phase 2 completed
WARN  (TA1132) :  'clk' was determined to be a clock but was not created.
[50%] Placement Phase 3 completed
Running routing......
[60%] Routing Phase 0 completed
[70%] Routing Phase 1 completed
[80%] Routing Phase 2 completed
[90%] Routing Phase 3 completed
Running timing analysis......
[95%] Timing analysis completed
Placement and routing completed
Bitstream generation in progress......
Bitstream generation completed
Running power analysis......
[100%] Power analysis completed
Generate file "C:\Users\NoPass\git\ICM-42688-P\impl\pnr\project.power.html" completed
Generate file "C:\Users\NoPass\git\ICM-42688-P\impl\pnr\project.pin.html" completed
Generate file "C:\Users\NoPass\git\ICM-42688-P\impl\pnr\project.rpt.html" completed
Generate file "C:\Users\NoPass\git\ICM-42688-P\impl\pnr\project.rpt.txt" completed
Generate file "C:\Users\NoPass\git\ICM-42688-P\impl\pnr\project.tr.html" completed
Wed Dec 10 23:15:58 2025

